生成启动时间为 2016-3-21 9:00:13。
     1>项目“E:\code\markNum\markNum\markNum.vcxproj”在节点 2 上(build 个目标)。
     1>InitializeBuildStatus:
         正在创建“Debug\markNum.unsuccessfulbuild”，因为已指定“AlwaysCreate”。
       ClCompile:
         d:\vs2010\VC\bin\CL.exe /c /ZI /nologo /W3 /WX- /Od /Oy- /D _MBCS /Gm /EHsc /RTC1 /MDd /GS /fp:precise /Zc:wchar_t /Zc:forScope /Fo"Debug\\" /Fd"Debug\vc100.pdb" /Gd /TC /analyze- /errorReport:prompt main.c markNum.c
         markNum.c
         main.c
         正在生成代码...
       Link:
         d:\vs2010\VC\bin\link.exe /ERRORREPORT:PROMPT /OUT:"E:\code\markNum\Debug\markNum.exe" /NOLOGO kernel32.lib user32.lib gdi32.lib winspool.lib comdlg32.lib advapi32.lib shell32.lib ole32.lib oleaut32.lib uuid.lib odbc32.lib odbccp32.lib /MANIFEST /ManifestFile:"Debug\markNum.exe.intermediate.manifest" /MANIFESTUAC:"level='asInvoker' uiAccess='false'" /DEBUG /PDB:"E:\code\markNum\Debug\markNum.pdb" /TLBID:1 /DYNAMICBASE /NXCOMPAT /IMPLIB:"E:\code\markNum\Debug\markNum.lib" /MACHINE:X86 Debug\main.obj
         Debug\markNum.obj
         LINK : 没有找到 E:\code\markNum\Debug\markNum.exe 或上一个增量链接没有生成它；正在执行完全链接
         markNum.vcxproj -> E:\code\markNum\Debug\markNum.exe
       Manifest:
         C:\Program Files\Microsoft SDKs\Windows\v7.0A\bin\mt.exe /nologo /verbose /outputresource:"E:\code\markNum\Debug\markNum.exe;#1" /manifest Debug\markNum.exe.intermediate.manifest
       FinalizeBuildStatus:
         正在删除文件“Debug\markNum.unsuccessfulbuild”。
         正在对“Debug\markNum.lastbuildstate”执行 Touch 任务。
     1>已完成生成项目“E:\code\markNum\markNum\markNum.vcxproj”(build 个目标)的操作。

生成成功。

已用时间 00:00:05.10
