生成启动时间为 2016-3-16 11:37:33。
     1>项目“E:\code\encryptUnencrypt\encryptUnencrypt\encryptUnencrypt.vcxproj”在节点 2 上(build 个目标)。
     1>InitializeBuildStatus:
         正在创建“Debug\encryptUnencrypt.unsuccessfulbuild”，因为已指定“AlwaysCreate”。
       ClCompile:
         d:\vs2010\VC\bin\CL.exe /c /ZI /nologo /W3 /WX- /Od /Oy- /D _MBCS /Gm /EHsc /RTC1 /MDd /GS /fp:precise /Zc:wchar_t /Zc:forScope /Fo"Debug\\" /Fd"Debug\vc100.pdb" /Gd /TC /analyze- /errorReport:prompt encryptUnencrypt.c main.c
         main.c
         encryptUnencrypt.c
         正在生成代码...
       Link:
         d:\vs2010\VC\bin\link.exe /ERRORREPORT:PROMPT /OUT:"E:\code\encryptUnencrypt\Debug\encryptUnencrypt.exe" /NOLOGO kernel32.lib user32.lib gdi32.lib winspool.lib comdlg32.lib advapi32.lib shell32.lib ole32.lib oleaut32.lib uuid.lib odbc32.lib odbccp32.lib /MANIFEST /ManifestFile:"Debug\encryptUnencrypt.exe.intermediate.manifest" /MANIFESTUAC:"level='asInvoker' uiAccess='false'" /DEBUG /PDB:"E:\code\encryptUnencrypt\Debug\encryptUnencrypt.pdb" /TLBID:1 /DYNAMICBASE /NXCOMPAT /IMPLIB:"E:\code\encryptUnencrypt\Debug\encryptUnencrypt.lib" /MACHINE:X86 Debug\encryptUnencrypt.obj
         Debug\main.obj
         LINK : 没有找到 E:\code\encryptUnencrypt\Debug\encryptUnencrypt.exe 或上一个增量链接没有生成它；正在执行完全链接
         encryptUnencrypt.vcxproj -> E:\code\encryptUnencrypt\Debug\encryptUnencrypt.exe
       Manifest:
         C:\Program Files\Microsoft SDKs\Windows\v7.0A\bin\mt.exe /nologo /verbose /outputresource:"E:\code\encryptUnencrypt\Debug\encryptUnencrypt.exe;#1" /manifest Debug\encryptUnencrypt.exe.intermediate.manifest
       FinalizeBuildStatus:
         正在删除文件“Debug\encryptUnencrypt.unsuccessfulbuild”。
         正在对“Debug\encryptUnencrypt.lastbuildstate”执行 Touch 任务。
     1>已完成生成项目“E:\code\encryptUnencrypt\encryptUnencrypt\encryptUnencrypt.vcxproj”(build 个目标)的操作。

生成成功。

已用时间 00:00:01.34
