生成启动时间为 2016-3-29 20:17:26。
     1>项目“E:\code\bucketSort\bucketSort\bucketSort.vcxproj”在节点 2 上(build 个目标)。
     1>InitializeBuildStatus:
         正在创建“Debug\bucketSort.unsuccessfulbuild”，因为已指定“AlwaysCreate”。
       ClCompile:
         d:\vs2010\VC\bin\CL.exe /c /ZI /nologo /W3 /WX- /Od /Oy- /D _MBCS /Gm /EHsc /RTC1 /MDd /GS /fp:precise /Zc:wchar_t /Zc:forScope /Fo"Debug\\" /Fd"Debug\vc100.pdb" /Gd /TC /analyze- /errorReport:prompt bucketSort.c
         bucketSort.c
     1>e:\code\bucketsort\bucketsort\bucketsort.c(13): warning C4996: 'scanf': This function or variable may be unsafe. Consider using scanf_s instead. To disable deprecation, use _CRT_SECURE_NO_WARNINGS. See online help for details.
                 d:\vs2010\vc\include\stdio.h(304) : 参见“scanf”的声明
       Link:
         d:\vs2010\VC\bin\link.exe /ERRORREPORT:PROMPT /OUT:"E:\code\bucketSort\Debug\bucketSort.exe" /NOLOGO kernel32.lib user32.lib gdi32.lib winspool.lib comdlg32.lib advapi32.lib shell32.lib ole32.lib oleaut32.lib uuid.lib odbc32.lib odbccp32.lib /MANIFEST /ManifestFile:"Debug\bucketSort.exe.intermediate.manifest" /MANIFESTUAC:"level='asInvoker' uiAccess='false'" /DEBUG /PDB:"E:\code\bucketSort\Debug\bucketSort.pdb" /TLBID:1 /DYNAMICBASE /NXCOMPAT /IMPLIB:"E:\code\bucketSort\Debug\bucketSort.lib" /MACHINE:X86 Debug\bucketSort.obj
         LINK : 没有找到 E:\code\bucketSort\Debug\bucketSort.exe 或上一个增量链接没有生成它；正在执行完全链接
         bucketSort.vcxproj -> E:\code\bucketSort\Debug\bucketSort.exe
       Manifest:
         C:\Program Files\Microsoft SDKs\Windows\v7.0A\bin\mt.exe /nologo /verbose /outputresource:"E:\code\bucketSort\Debug\bucketSort.exe;#1" /manifest Debug\bucketSort.exe.intermediate.manifest
       FinalizeBuildStatus:
         正在删除文件“Debug\bucketSort.unsuccessfulbuild”。
         正在对“Debug\bucketSort.lastbuildstate”执行 Touch 任务。
     1>已完成生成项目“E:\code\bucketSort\bucketSort\bucketSort.vcxproj”(build 个目标)的操作。

生成成功。

已用时间 00:00:00.46
